[2023-03-20T02:46:31.161] [ERROR] default - TypeError: userCart.updateOne is not a function
[2023-03-20T03:05:59.206] [ERROR] default - ReferenceError: products is not defined
[2023-03-20T03:12:50.155] [ERROR] default - TypeError: Cannot read properties of undefined (reading 'forEach')
[2023-03-20T03:13:16.618] [ERROR] default - TypeError: Cannot read properties of undefined (reading 'forEach')
[2023-03-20T03:13:25.435] [ERROR] default - TypeError: Cannot read properties of undefined (reading 'forEach')
[2023-03-20T03:13:56.840] [ERROR] default - TypeError: products.forEach is not a function
[2023-03-20T03:14:24.766] [ERROR] default - TypeError: Cannot read properties of undefined (reading 'forEach')
[2023-03-20T03:14:55.666] [ERROR] default - TypeError: products.forEach is not a function
[2023-03-20T03:15:27.541] [ERROR] default - TypeError: products.forEach is not a function
[2023-03-20T03:18:52.192] [ERROR] default - MongoServerError: Cannot do exclusion on field username in inclusion projection
[2023-03-20T03:18:53.824] [ERROR] default - MongoServerError: Cannot do exclusion on field username in inclusion projection
[2023-03-20T03:19:17.077] [ERROR] default - TypeError: products.forEach is not a function
[2023-03-20T03:19:19.801] [ERROR] default - TypeError: products.forEach is not a function
[2023-03-20T18:09:52.013] [ERROR] default - TypeError: products.toJson is not a function
[2023-03-20T18:15:31.293] [ERROR] default - TypeError [ERR_INVALID_ARG_TYPE]: The "path" argument must be of type string. Received an instance of model
[2023-03-20T18:15:51.124] [ERROR] default - TypeError [ERR_INVALID_ARG_TYPE]: The "path" argument must be of type string. Received an instance of Object
[2023-03-20T18:18:36.100] [ERROR] default - TypeError: Cannot read properties of undefined (reading '0')
[2023-03-20T19:29:48.764] [ERROR] default - TypeError: Cannot read properties of null (reading 'products')
[2023-03-20T19:29:52.230] [ERROR] default - TypeError: Cannot read properties of null (reading 'products')
[2023-03-20T19:48:58.343] [ERROR] default - TypeError: Cannot read properties of null (reading 'products')
[2023-03-20T19:48:59.883] [ERROR] default - TypeError: Cannot read properties of null (reading 'products')
[2023-03-20T19:49:02.428] [ERROR] default - TypeError: Cannot read properties of null (reading 'products')
[2023-03-20T19:49:07.021] [ERROR] default - TypeError: Cannot read properties of null (reading 'products')
