[2023-03-19T22:07:52.703] [WARN] default - GET request from /main? route
[2023-03-19T22:07:52.924] [WARN] default - GET request from /favicon.ico route
[2023-03-19T22:08:39.629] [WARN] default - GET request from /main? route
[2023-03-19T23:06:40.193] [WARN] default - GET request from /main? route
[2023-03-19T23:06:45.381] [WARN] default - GET request from /main route
[2023-03-19T23:06:55.897] [WARN] default - GET request from /main route
[2023-03-19T23:18:31.326] [WARN] default - GET request from /main route
[2023-03-19T23:39:29.288] [WARN] default - GET request from /alt=%22%22 route
[2023-03-20T01:45:38.768] [WARN] default - GET request from /Desafio%20Clase%2036/lib/add-to-cart.js route
[2023-03-20T01:47:16.968] [WARN] default - GET request from /Desafio%20Clase%2036/lib/add-to-cart.js route
[2023-03-20T01:49:27.818] [WARN] default - GET request from /Desafio%20Clase%2036/lib/add-to-cart.js route
[2023-03-20T01:49:56.535] [WARN] default - GET request from /Desafio%20Clase%2036/lib/add-to-cart.js route
[2023-03-20T01:49:59.444] [WARN] default - GET request from /Desafio%20Clase%2036/lib/add-to-cart.js route
[2023-03-20T01:50:09.541] [WARN] default - GET request from /Desafio%20Clase%2036/lib/add-to-cart.js route
[2023-03-20T01:50:12.840] [WARN] default - GET request from /Desafio%20Clase%2036/lib/add-to-cart.js route
[2023-03-20T01:52:39.066] [WARN] default - GET request from /Desafio%20Clase%2036/lib/add-to-cart.js route
[2023-03-20T01:53:49.503] [WARN] default - GET request from /lib/add-to-cart.js route
[2023-03-20T01:57:38.781] [WARN] default - GET request from /lib/add-to-cart.js route
[2023-03-20T02:00:58.568] [WARN] default - GET request from /lib/add-to-cart.js route
[2023-03-20T02:02:51.693] [WARN] default - GET request from /lib/add-to-cart.js route
[2023-03-20T02:04:26.187] [WARN] default - GET request from /lib/add-to-cart.js route
[2023-03-20T02:10:47.379] [WARN] default - GET request from /lib/addToCart.js route
[2023-03-20T02:12:35.149] [WARN] default - GET request from /lib/addToCart.js route
[2023-03-20T02:16:51.351] [WARN] default - GET request from /lib/addToCart.js route
[2023-03-20T02:43:36.808] [WARN] default - GET request from /add route
[2023-03-20T02:46:31.161] [ERROR] default - TypeError: userCart.updateOne is not a function
[2023-03-20T03:05:59.206] [ERROR] default - ReferenceError: products is not defined
[2023-03-20T03:12:50.155] [ERROR] default - TypeError: Cannot read properties of undefined (reading 'forEach')
[2023-03-20T03:13:16.618] [ERROR] default - TypeError: Cannot read properties of undefined (reading 'forEach')
[2023-03-20T03:13:25.435] [ERROR] default - TypeError: Cannot read properties of undefined (reading 'forEach')
[2023-03-20T03:13:56.840] [ERROR] default - TypeError: products.forEach is not a function
[2023-03-20T03:14:24.766] [ERROR] default - TypeError: Cannot read properties of undefined (reading 'forEach')
[2023-03-20T03:14:55.666] [ERROR] default - TypeError: products.forEach is not a function
[2023-03-20T03:15:27.541] [ERROR] default - TypeError: products.forEach is not a function
[2023-03-20T03:18:52.192] [ERROR] default - MongoServerError: Cannot do exclusion on field username in inclusion projection
[2023-03-20T03:18:53.824] [ERROR] default - MongoServerError: Cannot do exclusion on field username in inclusion projection
[2023-03-20T03:19:17.077] [ERROR] default - TypeError: products.forEach is not a function
[2023-03-20T03:19:19.801] [ERROR] default - TypeError: products.forEach is not a function
